This file contains any messages produced by compilers while
running configure, to aid debugging if configure makes a mistake.

It was created by cpuminer configure 2.3.2, which was
generated by GNU Autoconf 2.68.  Invocation command line was

  $ ./configure 

## --------- ##
## Platform. ##
## --------- ##

hostname = AMD-Desktop
uname -m = i686
uname -r = 1.0.18(0.48/3/2)
uname -s = MINGW32_NT-6.2
uname -v = 2012-11-21 22:34

/usr/bin/uname -p = unknown
/bin/uname -X     = unknown

/bin/arch              = unknown
/usr/bin/arch -k       = unknown
/usr/convex/getsysinfo = unknown
/usr/bin/hostinfo      = unknown
/bin/machine           = unknown
/usr/bin/oslevel       = unknown
/bin/universe          = unknown

PATH: .
PATH: /usr/local/bin
PATH: /mingw/bin
PATH: /bin
PATH: /c/MinGW64/bin
PATH: /c/Qt4.8.6/bin
PATH: /usr
PATH: /c/MinGW/bin
PATH: /c/Program Files (x86)/AMD APP/bin/x86_64
PATH: /c/Program Files (x86)/AMD APP/bin/x86
PATH: /c/Program Files/Java/jre7/bin
PATH: /c/WINDOWS/system32
PATH: /c/WINDOWS
PATH: /c/WINDOWS/System32/Wbem
PATH: /c/WINDOWS/System32/WindowsPowerShell/v1.0/
PATH: /c/Program Files (x86)/ATI Technologies/ATI.ACE/Core-Static
PATH: /c/Program Files (x86)/Windows Kits/8.1/Windows Performance Toolkit/
PATH: /c/Program Files/Microsoft SQL Server/110/Tools/Binn/
PATH: /c/Program Files (x86)/Microsoft SDKs/TypeScript/1.0/
PATH: /c/Program Files (x86)/Git/cmd
PATH: .


## ----------- ##
## Core tests. ##
## ----------- ##

configure:2299: checking build system type
configure:2313: result: i686-pc-mingw32
configure:2333: checking host system type
configure:2346: result: i686-pc-mingw32
configure:2366: checking target system type
configure:2379: result: i686-pc-mingw32
configure:2423: checking for a BSD-compatible install
configure:2491: result: /bin/install -c
configure:2502: checking whether build environment is sane
configure:2552: result: yes
configure:2693: checking for a thread-safe mkdir -p
configure:2732: result: /bin/mkdir -p
configure:2745: checking for gawk
configure:2761: found /bin/gawk
configure:2772: result: gawk
configure:2783: checking whether make sets $(MAKE)
configure:2805: result: yes
configure:2889: checking whether to enable maintainer-specific portions of Makefiles
configure:2898: result: no
configure:2924: checking for style of include used by make
configure:2952: result: GNU
configure:3022: checking for gcc
configure:3038: found /c/MinGW/bin/gcc
configure:3049: result: gcc
configure:3278: checking for C compiler version
configure:3287: gcc --version >&5
gcc.exe (GCC) 4.8.1
Copyright (C) 2013 Free Software Foundation, Inc.
This is free software; see the source for copying conditions.  There is NO
warranty; not even for MERCHANTABILITY or FITNESS FOR A PARTICULAR PURPOSE.

configure:3298: $? = 0
configure:3287: gcc -v >&5
Using built-in specs.
COLLECT_GCC=c:\MinGW\bin\gcc.exe
COLLECT_LTO_WRAPPER=c:/mingw/bin/../libexec/gcc/mingw32/4.8.1/lto-wrapper.exe
Target: mingw32
Configured with: ../gcc-4.8.1/configure --prefix=/mingw --host=mingw32 --build=mingw32 --without-pic --enable-shared --enable-static --with-gnu-ld --enable-lto --enable-libssp --disable-multilib --enable-languages=c,c++,fortran,objc,obj-c++,ada --disable-sjlj-exceptions --with-dwarf2 --disable-win32-registry --enable-libstdcxx-debug --enable-version-specific-runtime-libs --with-gmp=/usr/src/pkg/gmp-5.1.2-1-mingw32-src/bld --with-mpc=/usr/src/pkg/mpc-1.0.1-1-mingw32-src/bld --with-mpfr= --with-system-zlib --with-gnu-as --enable-decimal-float=yes --enable-libgomp --enable-threads --with-libiconv-prefix=/mingw32 --with-libintl-prefix=/mingw --disable-bootstrap LDFLAGS=-s CFLAGS=-D_USE_32BIT_TIME_T
Thread model: win32
gcc version 4.8.1 (GCC) 
configure:3298: $? = 0
configure:3287: gcc -V >&5
gcc.exe: error: unrecognized command line option '-V'
gcc.exe: fatal error: no input files
compilation terminated.
configure:3298: $? = 1
configure:3287: gcc -qversion >&5
gcc.exe: error: unrecognized command line option '-qversion'
gcc.exe: fatal error: no input files
compilation terminated.
configure:3298: $? = 1
configure:3318: checking whether the C compiler works
configure:3340: gcc    conftest.c  >&5
configure:3344: $? = 0
configure:3392: result: yes
configure:3395: checking for C compiler default output file name
configure:3397: result: a.exe
configure:3403: checking for suffix of executables
configure:3410: gcc -o conftest.exe    conftest.c  >&5
configure:3414: $? = 0
configure:3436: result: .exe
configure:3458: checking whether we are cross compiling
configure:3466: gcc -o conftest.exe    conftest.c  >&5
configure:3470: $? = 0
configure:3477: ./conftest.exe
configure:3481: $? = 0
configure:3496: result: no
configure:3501: checking for suffix of object files
configure:3523: gcc -c   conftest.c >&5
configure:3527: $? = 0
configure:3548: result: o
configure:3552: checking whether we are using the GNU C compiler
configure:3571: gcc -c   conftest.c >&5
configure:3571: $? = 0
configure:3580: result: yes
configure:3589: checking whether gcc accepts -g
configure:3609: gcc -c -g  conftest.c >&5
configure:3609: $? = 0
configure:3650: result: yes
configure:3667: checking for gcc option to accept ISO C89
configure:3731: gcc  -c -g -O2  conftest.c >&5
configure:3731: $? = 0
configure:3744: result: none needed
configure:3766: checking dependency style of gcc
configure:3876: result: gcc3
configure:3891: checking for gcc option to accept ISO C99
configure:4040: gcc  -c -g -O2  conftest.c >&5
conftest.c:61:29: error: expected ';', ',' or ')' before 'text'
 test_restrict (ccp restrict text)
                             ^
conftest.c: In function 'main':
conftest.c:115:18: error: expected '=', ',', ';', 'asm' or '__attribute__' before 'newvar'
   char *restrict newvar = "Another string";
                  ^
conftest.c:115:18: error: 'newvar' undeclared (first use in this function)
conftest.c:115:18: note: each undeclared identifier is reported only once for each function it appears in
conftest.c:125:3: error: 'for' loop initial declarations are only allowed in C99 mode
   for (int i = 0; i < ia->datasize; ++i)
   ^
conftest.c:125:3: note: use option -std=c99 or -std=gnu99 to compile your code
configure:4040: $? = 1
configure: failed program was:
| /* confdefs.h */
| #define PACKAGE_NAME "cpuminer"
| #define PACKAGE_TARNAME "cpuminer"
| #define PACKAGE_VERSION "2.3.2"
| #define PACKAGE_STRING "cpuminer 2.3.2"
| #define PACKAGE_BUGREPORT ""
| #define PACKAGE_URL ""
| #define PACKAGE "cpuminer"
| #define VERSION "2.3.2"
| /* end confdefs.h.  */
| #include <stdarg.h>
| #include <stdbool.h>
| #include <stdlib.h>
| #include <wchar.h>
| #include <stdio.h>
| 
| // Check varargs macros.  These examples are taken from C99 6.10.3.5.
| #define debug(...) fprintf (stderr, __VA_ARGS__)
| #define showlist(...) puts (#__VA_ARGS__)
| #define report(test,...) ((test) ? puts (#test) : printf (__VA_ARGS__))
| static void
| test_varargs_macros (void)
| {
|   int x = 1234;
|   int y = 5678;
|   debug ("Flag");
|   debug ("X = %d\n", x);
|   showlist (The first, second, and third items.);
|   report (x>y, "x is %d but y is %d", x, y);
| }
| 
| // Check long long types.
| #define BIG64 18446744073709551615ull
| #define BIG32 4294967295ul
| #define BIG_OK (BIG64 / BIG32 == 4294967297ull && BIG64 % BIG32 == 0)
| #if !BIG_OK
|   your preprocessor is broken;
| #endif
| #if BIG_OK
| #else
|   your preprocessor is broken;
| #endif
| static long long int bignum = -9223372036854775807LL;
| static unsigned long long int ubignum = BIG64;
| 
| struct incomplete_array
| {
|   int datasize;
|   double data[];
| };
| 
| struct named_init {
|   int number;
|   const wchar_t *name;
|   double average;
| };
| 
| typedef const char *ccp;
| 
| static inline int
| test_restrict (ccp restrict text)
| {
|   // See if C++-style comments work.
|   // Iterate through items via the restricted pointer.
|   // Also check for declarations in for loops.
|   for (unsigned int i = 0; *(text+i) != '\0'; ++i)
|     continue;
|   return 0;
| }
| 
| // Check varargs and va_copy.
| static void
| test_varargs (const char *format, ...)
| {
|   va_list args;
|   va_start (args, format);
|   va_list args_copy;
|   va_copy (args_copy, args);
| 
|   const char *str;
|   int number;
|   float fnumber;
| 
|   while (*format)
|     {
|       switch (*format++)
| 	{
| 	case 's': // string
| 	  str = va_arg (args_copy, const char *);
| 	  break;
| 	case 'd': // int
| 	  number = va_arg (args_copy, int);
| 	  break;
| 	case 'f': // float
| 	  fnumber = va_arg (args_copy, double);
| 	  break;
| 	default:
| 	  break;
| 	}
|     }
|   va_end (args_copy);
|   va_end (args);
| }
| 
| int
| main ()
| {
| 
|   // Check bool.
|   _Bool success = false;
| 
|   // Check restrict.
|   if (test_restrict ("String literal") == 0)
|     success = true;
|   char *restrict newvar = "Another string";
| 
|   // Check varargs.
|   test_varargs ("s, d' f .", "string", 65, 34.234);
|   test_varargs_macros ();
| 
|   // Check flexible array members.
|   struct incomplete_array *ia =
|     malloc (sizeof (struct incomplete_array) + (sizeof (double) * 10));
|   ia->datasize = 10;
|   for (int i = 0; i < ia->datasize; ++i)
|     ia->data[i] = i * 1.234;
| 
|   // Check named initializers.
|   struct named_init ni = {
|     .number = 34,
|     .name = L"Test wide string",
|     .average = 543.34343,
|   };
| 
|   ni.number = 58;
| 
|   int dynamic_array[ni.number];
|   dynamic_array[ni.number - 1] = 543;
| 
|   // work around unused variable warnings
|   return (!success || bignum == 0LL || ubignum == 0uLL || newvar[0] == 'x'
| 	  || dynamic_array[ni.number - 1] != 543);
| 
|   ;
|   return 0;
| }
configure:4040: gcc -std=gnu99 -c -g -O2  conftest.c >&5
configure:4040: $? = 0
configure:4060: result: -std=gnu99
configure:4074: checking how to run the C preprocessor
configure:4105: gcc -std=gnu99 -E  conftest.c
configure:4105: $? = 0
configure:4119: gcc -std=gnu99 -E  conftest.c
conftest.c:11:28: fatal error: ac_nonexistent.h: No such file or directory
 #include <ac_nonexistent.h>
                            ^
compilation terminated.
configure:4119: $? = 1
configure: failed program was:
| /* confdefs.h */
| #define PACKAGE_NAME "cpuminer"
| #define PACKAGE_TARNAME "cpuminer"
| #define PACKAGE_VERSION "2.3.2"
| #define PACKAGE_STRING "cpuminer 2.3.2"
| #define PACKAGE_BUGREPORT ""
| #define PACKAGE_URL ""
| #define PACKAGE "cpuminer"
| #define VERSION "2.3.2"
| /* end confdefs.h.  */
| #include <ac_nonexistent.h>
configure:4144: result: gcc -std=gnu99 -E
configure:4164: gcc -std=gnu99 -E  conftest.c
configure:4164: $? = 0
configure:4178: gcc -std=gnu99 -E  conftest.c
conftest.c:11:28: fatal error: ac_nonexistent.h: No such file or directory
 #include <ac_nonexistent.h>
                            ^
compilation terminated.
configure:4178: $? = 1
configure: failed program was:
| /* confdefs.h */
| #define PACKAGE_NAME "cpuminer"
| #define PACKAGE_TARNAME "cpuminer"
| #define PACKAGE_VERSION "2.3.2"
| #define PACKAGE_STRING "cpuminer 2.3.2"
| #define PACKAGE_BUGREPORT ""
| #define PACKAGE_URL ""
| #define PACKAGE "cpuminer"
| #define VERSION "2.3.2"
| /* end confdefs.h.  */
| #include <ac_nonexistent.h>
configure:4207: checking for grep that handles long lines and -e
configure:4265: result: /bin/grep
configure:4270: checking for egrep
configure:4332: result: /bin/grep -E
configure:4338: checking whether gcc -std=gnu99 needs -traditional
conftest.c:11:19: fatal error: sgtty.h: No such file or directory
 #include <sgtty.h>
                   ^
compilation terminated.
conftest.c:11:20: fatal error: termio.h: No such file or directory
 #include <termio.h>
                    ^
compilation terminated.
configure:4372: result: no
configure:4380: checking whether gcc -std=gnu99 and cc understand -c and -o together
configure:4411: gcc -std=gnu99 -c conftest.c -o conftest2.o >&5
configure:4415: $? = 0
configure:4421: gcc -std=gnu99 -c conftest.c -o conftest2.o >&5
configure:4425: $? = 0
configure:4436: cc -c conftest.c >&5
configure:4440: $? = 0
configure:4448: cc -c conftest.c -o conftest2.o >&5
configure:4452: $? = 0
configure:4458: cc -c conftest.c -o conftest2.o >&5
configure:4462: $? = 0
configure:4480: result: yes
configure:4514: checking dependency style of gcc -std=gnu99
configure:4622: result: gcc3
configure:4680: checking for ranlib
configure:4696: found /c/MinGW/bin/ranlib
configure:4707: result: ranlib
configure:4730: checking for ANSI C header files
configure:4750: gcc -std=gnu99 -c -g -O2  conftest.c >&5
configure:4750: $? = 0
configure:4823: gcc -std=gnu99 -o conftest.exe -g -O2   conftest.c  >&5
configure:4823: $? = 0
configure:4823: ./conftest.exe
configure:4823: $? = 0
configure:4834: result: yes
configure:4847: checking for sys/types.h
configure:4847: gcc -std=gnu99 -c -g -O2  conftest.c >&5
configure:4847: $? = 0
configure:4847: result: yes
configure:4847: checking for sys/stat.h
configure:4847: gcc -std=gnu99 -c -g -O2  conftest.c >&5
configure:4847: $? = 0
configure:4847: result: yes
configure:4847: checking for stdlib.h
configure:4847: gcc -std=gnu99 -c -g -O2  conftest.c >&5
configure:4847: $? = 0
configure:4847: result: yes
configure:4847: checking for string.h
configure:4847: gcc -std=gnu99 -c -g -O2  conftest.c >&5
configure:4847: $? = 0
configure:4847: result: yes
configure:4847: checking for memory.h
configure:4847: gcc -std=gnu99 -c -g -O2  conftest.c >&5
configure:4847: $? = 0
configure:4847: result: yes
configure:4847: checking for strings.h
configure:4847: gcc -std=gnu99 -c -g -O2  conftest.c >&5
configure:4847: $? = 0
configure:4847: result: yes
configure:4847: checking for inttypes.h
configure:4847: gcc -std=gnu99 -c -g -O2  conftest.c >&5
configure:4847: $? = 0
configure:4847: result: yes
configure:4847: checking for stdint.h
configure:4847: gcc -std=gnu99 -c -g -O2  conftest.c >&5
configure:4847: $? = 0
configure:4847: result: yes
configure:4847: checking for unistd.h
configure:4847: gcc -std=gnu99 -c -g -O2  conftest.c >&5
configure:4847: $? = 0
configure:4847: result: yes
configure:4862: checking sys/endian.h usability
configure:4862: gcc -std=gnu99 -c -g -O2  conftest.c >&5
conftest.c:54:24: fatal error: sys/endian.h: No such file or directory
 #include <sys/endian.h>
                        ^
compilation terminated.
configure:4862: $? = 1
configure: failed program was:
| /* confdefs.h */
| #define PACKAGE_NAME "cpuminer"
| #define PACKAGE_TARNAME "cpuminer"
| #define PACKAGE_VERSION "2.3.2"
| #define PACKAGE_STRING "cpuminer 2.3.2"
| #define PACKAGE_BUGREPORT ""
| #define PACKAGE_URL ""
| #define PACKAGE "cpuminer"
| #define VERSION "2.3.2"
| #define STDC_HEADERS 1
| #define HAVE_SYS_TYPES_H 1
| #define HAVE_SYS_STAT_H 1
| #define HAVE_STDLIB_H 1
| #define HAVE_STRING_H 1
| #define HAVE_MEMORY_H 1
| #define HAVE_STRINGS_H 1
| #define HAVE_INTTYPES_H 1
| #define HAVE_STDINT_H 1
| #define HAVE_UNISTD_H 1
| /* end confdefs.h.  */
| #include <stdio.h>
| #ifdef HAVE_SYS_TYPES_H
| # include <sys/types.h>
| #endif
| #ifdef HAVE_SYS_STAT_H
| # include <sys/stat.h>
| #endif
| #ifdef STDC_HEADERS
| # include <stdlib.h>
| # include <stddef.h>
| #else
| # ifdef HAVE_STDLIB_H
| #  include <stdlib.h>
| # endif
| #endif
| #ifdef HAVE_STRING_H
| # if !defined STDC_HEADERS && defined HAVE_MEMORY_H
| #  include <memory.h>
| # endif
| # include <string.h>
| #endif
| #ifdef HAVE_STRINGS_H
| # include <strings.h>
| #endif
| #ifdef HAVE_INTTYPES_H
| # include <inttypes.h>
| #endif
| #ifdef HAVE_STDINT_H
| # include <stdint.h>
| #endif
| #ifdef HAVE_UNISTD_H
| # include <unistd.h>
| #endif
| #include <sys/endian.h>
configure:4862: result: no
configure:4862: checking sys/endian.h presence
configure:4862: gcc -std=gnu99 -E  conftest.c
conftest.c:21:24: fatal error: sys/endian.h: No such file or directory
 #include <sys/endian.h>
                        ^
compilation terminated.
configure:4862: $? = 1
configure: failed program was:
| /* confdefs.h */
| #define PACKAGE_NAME "cpuminer"
| #define PACKAGE_TARNAME "cpuminer"
| #define PACKAGE_VERSION "2.3.2"
| #define PACKAGE_STRING "cpuminer 2.3.2"
| #define PACKAGE_BUGREPORT ""
| #define PACKAGE_URL ""
| #define PACKAGE "cpuminer"
| #define VERSION "2.3.2"
| #define STDC_HEADERS 1
| #define HAVE_SYS_TYPES_H 1
| #define HAVE_SYS_STAT_H 1
| #define HAVE_STDLIB_H 1
| #define HAVE_STRING_H 1
| #define HAVE_MEMORY_H 1
| #define HAVE_STRINGS_H 1
| #define HAVE_INTTYPES_H 1
| #define HAVE_STDINT_H 1
| #define HAVE_UNISTD_H 1
| /* end confdefs.h.  */
| #include <sys/endian.h>
configure:4862: result: no
configure:4862: checking for sys/endian.h
configure:4862: result: no
configure:4862: checking sys/param.h usability
configure:4862: gcc -std=gnu99 -c -g -O2  conftest.c >&5
configure:4862: $? = 0
configure:4862: result: yes
configure:4862: checking sys/param.h presence
configure:4862: gcc -std=gnu99 -E  conftest.c
configure:4862: $? = 0
configure:4862: result: yes
configure:4862: checking for sys/param.h
configure:4862: result: yes
configure:4862: checking syslog.h usability
configure:4862: gcc -std=gnu99 -c -g -O2  conftest.c >&5
conftest.c:55:20: fatal error: syslog.h: No such file or directory
 #include <syslog.h>
                    ^
compilation terminated.
configure:4862: $? = 1
configure: failed program was:
| /* confdefs.h */
| #define PACKAGE_NAME "cpuminer"
| #define PACKAGE_TARNAME "cpuminer"
| #define PACKAGE_VERSION "2.3.2"
| #define PACKAGE_STRING "cpuminer 2.3.2"
| #define PACKAGE_BUGREPORT ""
| #define PACKAGE_URL ""
| #define PACKAGE "cpuminer"
| #define VERSION "2.3.2"
| #define STDC_HEADERS 1
| #define HAVE_SYS_TYPES_H 1
| #define HAVE_SYS_STAT_H 1
| #define HAVE_STDLIB_H 1
| #define HAVE_STRING_H 1
| #define HAVE_MEMORY_H 1
| #define HAVE_STRINGS_H 1
| #define HAVE_INTTYPES_H 1
| #define HAVE_STDINT_H 1
| #define HAVE_UNISTD_H 1
| #define HAVE_SYS_PARAM_H 1
| /* end confdefs.h.  */
| #include <stdio.h>
| #ifdef HAVE_SYS_TYPES_H
| # include <sys/types.h>
| #endif
| #ifdef HAVE_SYS_STAT_H
| # include <sys/stat.h>
| #endif
| #ifdef STDC_HEADERS
| # include <stdlib.h>
| # include <stddef.h>
| #else
| # ifdef HAVE_STDLIB_H
| #  include <stdlib.h>
| # endif
| #endif
| #ifdef HAVE_STRING_H
| # if !defined STDC_HEADERS && defined HAVE_MEMORY_H
| #  include <memory.h>
| # endif
| # include <string.h>
| #endif
| #ifdef HAVE_STRINGS_H
| # include <strings.h>
| #endif
| #ifdef HAVE_INTTYPES_H
| # include <inttypes.h>
| #endif
| #ifdef HAVE_STDINT_H
| # include <stdint.h>
| #endif
| #ifdef HAVE_UNISTD_H
| # include <unistd.h>
| #endif
| #include <syslog.h>
configure:4862: result: no
configure:4862: checking syslog.h presence
configure:4862: gcc -std=gnu99 -E  conftest.c
conftest.c:22:20: fatal error: syslog.h: No such file or directory
 #include <syslog.h>
                    ^
compilation terminated.
configure:4862: $? = 1
configure: failed program was:
| /* confdefs.h */
| #define PACKAGE_NAME "cpuminer"
| #define PACKAGE_TARNAME "cpuminer"
| #define PACKAGE_VERSION "2.3.2"
| #define PACKAGE_STRING "cpuminer 2.3.2"
| #define PACKAGE_BUGREPORT ""
| #define PACKAGE_URL ""
| #define PACKAGE "cpuminer"
| #define VERSION "2.3.2"
| #define STDC_HEADERS 1
| #define HAVE_SYS_TYPES_H 1
| #define HAVE_SYS_STAT_H 1
| #define HAVE_STDLIB_H 1
| #define HAVE_STRING_H 1
| #define HAVE_MEMORY_H 1
| #define HAVE_STRINGS_H 1
| #define HAVE_INTTYPES_H 1
| #define HAVE_STDINT_H 1
| #define HAVE_UNISTD_H 1
| #define HAVE_SYS_PARAM_H 1
| /* end confdefs.h.  */
| #include <syslog.h>
configure:4862: result: no
configure:4862: checking for syslog.h
configure:4862: result: no
configure:4876: checking for sys/sysctl.h
configure:4876: gcc -std=gnu99 -c -g -O2  conftest.c >&5
conftest.c:28:24: fatal error: sys/sysctl.h: No such file or directory
 #include <sys/sysctl.h>
                        ^
compilation terminated.
configure:4876: $? = 1
configure: failed program was:
| /* confdefs.h */
| #define PACKAGE_NAME "cpuminer"
| #define PACKAGE_TARNAME "cpuminer"
| #define PACKAGE_VERSION "2.3.2"
| #define PACKAGE_STRING "cpuminer 2.3.2"
| #define PACKAGE_BUGREPORT ""
| #define PACKAGE_URL ""
| #define PACKAGE "cpuminer"
| #define VERSION "2.3.2"
| #define STDC_HEADERS 1
| #define HAVE_SYS_TYPES_H 1
| #define HAVE_SYS_STAT_H 1
| #define HAVE_STDLIB_H 1
| #define HAVE_STRING_H 1
| #define HAVE_MEMORY_H 1
| #define HAVE_STRINGS_H 1
| #define HAVE_INTTYPES_H 1
| #define HAVE_STDINT_H 1
| #define HAVE_UNISTD_H 1
| #define HAVE_SYS_PARAM_H 1
| /* end confdefs.h.  */
| #include <sys/types.h>
| #ifdef HAVE_SYS_PARAM_H
| #include <sys/param.h>
| #endif
| 
| 
| #include <sys/sysctl.h>
configure:4876: result: no
configure:4892: checking whether be32dec is declared
configure:4892: gcc -std=gnu99 -c -g -O2  conftest.c >&5
conftest.c: In function 'main':
conftest.c:67:10: error: 'be32dec' undeclared (first use in this function)
   (void) be32dec;
          ^
conftest.c:67:10: note: each undeclared identifier is reported only once for each function it appears in
configure:4892: $? = 1
configure: failed program was:
| /* confdefs.h */
| #define PACKAGE_NAME "cpuminer"
| #define PACKAGE_TARNAME "cpuminer"
| #define PACKAGE_VERSION "2.3.2"
| #define PACKAGE_STRING "cpuminer 2.3.2"
| #define PACKAGE_BUGREPORT ""
| #define PACKAGE_URL ""
| #define PACKAGE "cpuminer"
| #define VERSION "2.3.2"
| #define STDC_HEADERS 1
| #define HAVE_SYS_TYPES_H 1
| #define HAVE_SYS_STAT_H 1
| #define HAVE_STDLIB_H 1
| #define HAVE_STRING_H 1
| #define HAVE_MEMORY_H 1
| #define HAVE_STRINGS_H 1
| #define HAVE_INTTYPES_H 1
| #define HAVE_STDINT_H 1
| #define HAVE_UNISTD_H 1
| #define HAVE_SYS_PARAM_H 1
| /* end confdefs.h.  */
| #include <stdio.h>
| #ifdef HAVE_SYS_TYPES_H
| # include <sys/types.h>
| #endif
| #ifdef HAVE_SYS_STAT_H
| # include <sys/stat.h>
| #endif
| #ifdef STDC_HEADERS
| # include <stdlib.h>
| # include <stddef.h>
| #else
| # ifdef HAVE_STDLIB_H
| #  include <stdlib.h>
| # endif
| #endif
| #ifdef HAVE_STRING_H
| # if !defined STDC_HEADERS && defined HAVE_MEMORY_H
| #  include <memory.h>
| # endif
| # include <string.h>
| #endif
| #ifdef HAVE_STRINGS_H
| # include <strings.h>
| #endif
| #ifdef HAVE_INTTYPES_H
| # include <inttypes.h>
| #endif
| #ifdef HAVE_STDINT_H
| # include <stdint.h>
| #endif
| #ifdef HAVE_UNISTD_H
| # include <unistd.h>
| #endif
| #ifdef HAVE_SYS_ENDIAN_H
| #include <sys/endian.h>
| #endif
| 
| 
| int
| main ()
| {
| #ifndef be32dec
| #ifdef __cplusplus
|   (void) be32dec;
| #else
|   (void) be32dec;
| #endif
| #endif
| 
|   ;
|   return 0;
| }
configure:4892: result: no
configure:4907: checking whether le32dec is declared
configure:4907: gcc -std=gnu99 -c -g -O2  conftest.c >&5
conftest.c: In function 'main':
conftest.c:68:10: error: 'le32dec' undeclared (first use in this function)
   (void) le32dec;
          ^
conftest.c:68:10: note: each undeclared identifier is reported only once for each function it appears in
configure:4907: $? = 1
configure: failed program was:
| /* confdefs.h */
| #define PACKAGE_NAME "cpuminer"
| #define PACKAGE_TARNAME "cpuminer"
| #define PACKAGE_VERSION "2.3.2"
| #define PACKAGE_STRING "cpuminer 2.3.2"
| #define PACKAGE_BUGREPORT ""
| #define PACKAGE_URL ""
| #define PACKAGE "cpuminer"
| #define VERSION "2.3.2"
| #define STDC_HEADERS 1
| #define HAVE_SYS_TYPES_H 1
| #define HAVE_SYS_STAT_H 1
| #define HAVE_STDLIB_H 1
| #define HAVE_STRING_H 1
| #define HAVE_MEMORY_H 1
| #define HAVE_STRINGS_H 1
| #define HAVE_INTTYPES_H 1
| #define HAVE_STDINT_H 1
| #define HAVE_UNISTD_H 1
| #define HAVE_SYS_PARAM_H 1
| #define HAVE_DECL_BE32DEC 0
| /* end confdefs.h.  */
| #include <stdio.h>
| #ifdef HAVE_SYS_TYPES_H
| # include <sys/types.h>
| #endif
| #ifdef HAVE_SYS_STAT_H
| # include <sys/stat.h>
| #endif
| #ifdef STDC_HEADERS
| # include <stdlib.h>
| # include <stddef.h>
| #else
| # ifdef HAVE_STDLIB_H
| #  include <stdlib.h>
| # endif
| #endif
| #ifdef HAVE_STRING_H
| # if !defined STDC_HEADERS && defined HAVE_MEMORY_H
| #  include <memory.h>
| # endif
| # include <string.h>
| #endif
| #ifdef HAVE_STRINGS_H
| # include <strings.h>
| #endif
| #ifdef HAVE_INTTYPES_H
| # include <inttypes.h>
| #endif
| #ifdef HAVE_STDINT_H
| # include <stdint.h>
| #endif
| #ifdef HAVE_UNISTD_H
| # include <unistd.h>
| #endif
| #ifdef HAVE_SYS_ENDIAN_H
| #include <sys/endian.h>
| #endif
| 
| 
| int
| main ()
| {
| #ifndef le32dec
| #ifdef __cplusplus
|   (void) le32dec;
| #else
|   (void) le32dec;
| #endif
| #endif
| 
|   ;
|   return 0;
| }
configure:4907: result: no
configure:4922: checking whether be32enc is declared
configure:4922: gcc -std=gnu99 -c -g -O2  conftest.c >&5
conftest.c: In function 'main':
conftest.c:69:10: error: 'be32enc' undeclared (first use in this function)
   (void) be32enc;
          ^
conftest.c:69:10: note: each undeclared identifier is reported only once for each function it appears in
configure:4922: $? = 1
configure: failed program was:
| /* confdefs.h */
| #define PACKAGE_NAME "cpuminer"
| #define PACKAGE_TARNAME "cpuminer"
| #define PACKAGE_VERSION "2.3.2"
| #define PACKAGE_STRING "cpuminer 2.3.2"
| #define PACKAGE_BUGREPORT ""
| #define PACKAGE_URL ""
| #define PACKAGE "cpuminer"
| #define VERSION "2.3.2"
| #define STDC_HEADERS 1
| #define HAVE_SYS_TYPES_H 1
| #define HAVE_SYS_STAT_H 1
| #define HAVE_STDLIB_H 1
| #define HAVE_STRING_H 1
| #define HAVE_MEMORY_H 1
| #define HAVE_STRINGS_H 1
| #define HAVE_INTTYPES_H 1
| #define HAVE_STDINT_H 1
| #define HAVE_UNISTD_H 1
| #define HAVE_SYS_PARAM_H 1
| #define HAVE_DECL_BE32DEC 0
| #define HAVE_DECL_LE32DEC 0
| /* end confdefs.h.  */
| #include <stdio.h>
| #ifdef HAVE_SYS_TYPES_H
| # include <sys/types.h>
| #endif
| #ifdef HAVE_SYS_STAT_H
| # include <sys/stat.h>
| #endif
| #ifdef STDC_HEADERS
| # include <stdlib.h>
| # include <stddef.h>
| #else
| # ifdef HAVE_STDLIB_H
| #  include <stdlib.h>
| # endif
| #endif
| #ifdef HAVE_STRING_H
| # if !defined STDC_HEADERS && defined HAVE_MEMORY_H
| #  include <memory.h>
| # endif
| # include <string.h>
| #endif
| #ifdef HAVE_STRINGS_H
| # include <strings.h>
| #endif
| #ifdef HAVE_INTTYPES_H
| # include <inttypes.h>
| #endif
| #ifdef HAVE_STDINT_H
| # include <stdint.h>
| #endif
| #ifdef HAVE_UNISTD_H
| # include <unistd.h>
| #endif
| #ifdef HAVE_SYS_ENDIAN_H
| #include <sys/endian.h>
| #endif
| 
| 
| int
| main ()
| {
| #ifndef be32enc
| #ifdef __cplusplus
|   (void) be32enc;
| #else
|   (void) be32enc;
| #endif
| #endif
| 
|   ;
|   return 0;
| }
configure:4922: result: no
configure:4937: checking whether le32enc is declared
configure:4937: gcc -std=gnu99 -c -g -O2  conftest.c >&5
conftest.c: In function 'main':
conftest.c:70:10: error: 'le32enc' undeclared (first use in this function)
   (void) le32enc;
          ^
conftest.c:70:10: note: each undeclared identifier is reported only once for each function it appears in
configure:4937: $? = 1
configure: failed program was:
| /* confdefs.h */
| #define PACKAGE_NAME "cpuminer"
| #define PACKAGE_TARNAME "cpuminer"
| #define PACKAGE_VERSION "2.3.2"
| #define PACKAGE_STRING "cpuminer 2.3.2"
| #define PACKAGE_BUGREPORT ""
| #define PACKAGE_URL ""
| #define PACKAGE "cpuminer"
| #define VERSION "2.3.2"
| #define STDC_HEADERS 1
| #define HAVE_SYS_TYPES_H 1
| #define HAVE_SYS_STAT_H 1
| #define HAVE_STDLIB_H 1
| #define HAVE_STRING_H 1
| #define HAVE_MEMORY_H 1
| #define HAVE_STRINGS_H 1
| #define HAVE_INTTYPES_H 1
| #define HAVE_STDINT_H 1
| #define HAVE_UNISTD_H 1
| #define HAVE_SYS_PARAM_H 1
| #define HAVE_DECL_BE32DEC 0
| #define HAVE_DECL_LE32DEC 0
| #define HAVE_DECL_BE32ENC 0
| /* end confdefs.h.  */
| #include <stdio.h>
| #ifdef HAVE_SYS_TYPES_H
| # include <sys/types.h>
| #endif
| #ifdef HAVE_SYS_STAT_H
| # include <sys/stat.h>
| #endif
| #ifdef STDC_HEADERS
| # include <stdlib.h>
| # include <stddef.h>
| #else
| # ifdef HAVE_STDLIB_H
| #  include <stdlib.h>
| # endif
| #endif
| #ifdef HAVE_STRING_H
| # if !defined STDC_HEADERS && defined HAVE_MEMORY_H
| #  include <memory.h>
| # endif
| # include <string.h>
| #endif
| #ifdef HAVE_STRINGS_H
| # include <strings.h>
| #endif
| #ifdef HAVE_INTTYPES_H
| # include <inttypes.h>
| #endif
| #ifdef HAVE_STDINT_H
| # include <stdint.h>
| #endif
| #ifdef HAVE_UNISTD_H
| # include <unistd.h>
| #endif
| #ifdef HAVE_SYS_ENDIAN_H
| #include <sys/endian.h>
| #endif
| 
| 
| int
| main ()
| {
| #ifndef le32enc
| #ifdef __cplusplus
|   (void) le32enc;
| #else
|   (void) le32enc;
| #endif
| #endif
| 
|   ;
|   return 0;
| }
configure:4937: result: no
configure:4954: checking for size_t
configure:4954: gcc -std=gnu99 -c -g -O2  conftest.c >&5
configure:4954: $? = 0
configure:4954: gcc -std=gnu99 -c -g -O2  conftest.c >&5
conftest.c: In function 'main':
conftest.c:62:21: error: expected expression before ')' token
 if (sizeof ((size_t)))
                     ^
configure:4954: $? = 1
configure: failed program was:
| /* confdefs.h */
| #define PACKAGE_NAME "cpuminer"
| #define PACKAGE_TARNAME "cpuminer"
| #define PACKAGE_VERSION "2.3.2"
| #define PACKAGE_STRING "cpuminer 2.3.2"
| #define PACKAGE_BUGREPORT ""
| #define PACKAGE_URL ""
| #define PACKAGE "cpuminer"
| #define VERSION "2.3.2"
| #define STDC_HEADERS 1
| #define HAVE_SYS_TYPES_H 1
| #define HAVE_SYS_STAT_H 1
| #define HAVE_STDLIB_H 1
| #define HAVE_STRING_H 1
| #define HAVE_MEMORY_H 1
| #define HAVE_STRINGS_H 1
| #define HAVE_INTTYPES_H 1
| #define HAVE_STDINT_H 1
| #define HAVE_UNISTD_H 1
| #define HAVE_SYS_PARAM_H 1
| #define HAVE_DECL_BE32DEC 0
| #define HAVE_DECL_LE32DEC 0
| #define HAVE_DECL_BE32ENC 0
| #define HAVE_DECL_LE32ENC 0
| /* end confdefs.h.  */
| #include <stdio.h>
| #ifdef HAVE_SYS_TYPES_H
| # include <sys/types.h>
| #endif
| #ifdef HAVE_SYS_STAT_H
| # include <sys/stat.h>
| #endif
| #ifdef STDC_HEADERS
| # include <stdlib.h>
| # include <stddef.h>
| #else
| # ifdef HAVE_STDLIB_H
| #  include <stdlib.h>
| # endif
| #endif
| #ifdef HAVE_STRING_H
| # if !defined STDC_HEADERS && defined HAVE_MEMORY_H
| #  include <memory.h>
| # endif
| # include <string.h>
| #endif
| #ifdef HAVE_STRINGS_H
| # include <strings.h>
| #endif
| #ifdef HAVE_INTTYPES_H
| # include <inttypes.h>
| #endif
| #ifdef HAVE_STDINT_H
| # include <stdint.h>
| #endif
| #ifdef HAVE_UNISTD_H
| # include <unistd.h>
| #endif
| int
| main ()
| {
| if (sizeof ((size_t)))
| 	    return 0;
|   ;
|   return 0;
| }
configure:4954: result: yes
configure:4967: checking for working alloca.h
configure:4984: gcc -std=gnu99 -o conftest.exe -g -O2   conftest.c  >&5
conftest.c:26:20: fatal error: alloca.h: No such file or directory
 #include <alloca.h>
                    ^
compilation terminated.
configure:4984: $? = 1
configure: failed program was:
| /* confdefs.h */
| #define PACKAGE_NAME "cpuminer"
| #define PACKAGE_TARNAME "cpuminer"
| #define PACKAGE_VERSION "2.3.2"
| #define PACKAGE_STRING "cpuminer 2.3.2"
| #define PACKAGE_BUGREPORT ""
| #define PACKAGE_URL ""
| #define PACKAGE "cpuminer"
| #define VERSION "2.3.2"
| #define STDC_HEADERS 1
| #define HAVE_SYS_TYPES_H 1
| #define HAVE_SYS_STAT_H 1
| #define HAVE_STDLIB_H 1
| #define HAVE_STRING_H 1
| #define HAVE_MEMORY_H 1
| #define HAVE_STRINGS_H 1
| #define HAVE_INTTYPES_H 1
| #define HAVE_STDINT_H 1
| #define HAVE_UNISTD_H 1
| #define HAVE_SYS_PARAM_H 1
| #define HAVE_DECL_BE32DEC 0
| #define HAVE_DECL_LE32DEC 0
| #define HAVE_DECL_BE32ENC 0
| #define HAVE_DECL_LE32ENC 0
| /* end confdefs.h.  */
| #include <alloca.h>
| int
| main ()
| {
| char *p = (char *) alloca (2 * sizeof (int));
| 			  if (p) return 0;
|   ;
|   return 0;
| }
configure:4992: result: no
configure:5000: checking for alloca
configure:5037: gcc -std=gnu99 -o conftest.exe -g -O2   conftest.c  >&5
configure:5037: $? = 0
configure:5045: result: yes
configure:5156: checking for getopt_long
configure:5156: gcc -std=gnu99 -o conftest.exe -g -O2   conftest.c  >&5
configure:5156: $? = 0
configure:5156: result: yes
configure:5193: checking whether we can compile AVX code
configure:5206: gcc -std=gnu99 -c -g -O2  conftest.c >&5
configure:5206: $? = 0
configure:5210: result: yes
configure:5212: checking whether we can compile XOP code
configure:5225: gcc -std=gnu99 -c -g -O2  conftest.c >&5
configure:5225: $? = 0
configure:5229: result: yes
configure:5240: checking whether we can compile AVX2 code
configure:5253: gcc -std=gnu99 -c -g -O2  conftest.c >&5
configure:5253: $? = 0
configure:5257: result: yes
configure:5279: checking for json_loads in -ljansson
configure:5304: gcc -std=gnu99 -o conftest.exe -g -O2   conftest.c -ljansson   >&5
c:/mingw/bin/../lib/gcc/mingw32/4.8.1/../../../../mingw32/bin/ld.exe: cannot find -ljansson
collect2.exe: error: ld returned 1 exit status
configure:5304: $? = 1
configure: failed program was:
| /* confdefs.h */
| #define PACKAGE_NAME "cpuminer"
| #define PACKAGE_TARNAME "cpuminer"
| #define PACKAGE_VERSION "2.3.2"
| #define PACKAGE_STRING "cpuminer 2.3.2"
| #define PACKAGE_BUGREPORT ""
| #define PACKAGE_URL ""
| #define PACKAGE "cpuminer"
| #define VERSION "2.3.2"
| #define STDC_HEADERS 1
| #define HAVE_SYS_TYPES_H 1
| #define HAVE_SYS_STAT_H 1
| #define HAVE_STDLIB_H 1
| #define HAVE_STRING_H 1
| #define HAVE_MEMORY_H 1
| #define HAVE_STRINGS_H 1
| #define HAVE_INTTYPES_H 1
| #define HAVE_STDINT_H 1
| #define HAVE_UNISTD_H 1
| #define HAVE_SYS_PARAM_H 1
| #define HAVE_DECL_BE32DEC 0
| #define HAVE_DECL_LE32DEC 0
| #define HAVE_DECL_BE32ENC 0
| #define HAVE_DECL_LE32ENC 0
| #define HAVE_ALLOCA 1
| #define HAVE_GETOPT_LONG 1
| #define USE_AVX 1
| #define USE_XOP 1
| #define USE_AVX2 1
| /* end confdefs.h.  */
| 
| /* Override any GCC internal prototype to avoid an error.
|    Use char because int might match the return type of a GCC
|    builtin and then its argument prototype would still apply.  */
| #ifdef __cplusplus
| extern "C"
| #endif
| char json_loads ();
| int
| main ()
| {
| return json_loads ();
|   ;
|   return 0;
| }
configure:5313: result: no
configure:5321: checking for pthread_create in -lpthread
configure:5346: gcc -std=gnu99 -o conftest.exe -g -O2   conftest.c -lpthread   >&5
c:/mingw/bin/../lib/gcc/mingw32/4.8.1/../../../../mingw32/bin/ld.exe: cannot find -lpthread
collect2.exe: error: ld returned 1 exit status
configure:5346: $? = 1
configure: failed program was:
| /* confdefs.h */
| #define PACKAGE_NAME "cpuminer"
| #define PACKAGE_TARNAME "cpuminer"
| #define PACKAGE_VERSION "2.3.2"
| #define PACKAGE_STRING "cpuminer 2.3.2"
| #define PACKAGE_BUGREPORT ""
| #define PACKAGE_URL ""
| #define PACKAGE "cpuminer"
| #define VERSION "2.3.2"
| #define STDC_HEADERS 1
| #define HAVE_SYS_TYPES_H 1
| #define HAVE_SYS_STAT_H 1
| #define HAVE_STDLIB_H 1
| #define HAVE_STRING_H 1
| #define HAVE_MEMORY_H 1
| #define HAVE_STRINGS_H 1
| #define HAVE_INTTYPES_H 1
| #define HAVE_STDINT_H 1
| #define HAVE_UNISTD_H 1
| #define HAVE_SYS_PARAM_H 1
| #define HAVE_DECL_BE32DEC 0
| #define HAVE_DECL_LE32DEC 0
| #define HAVE_DECL_BE32ENC 0
| #define HAVE_DECL_LE32ENC 0
| #define HAVE_ALLOCA 1
| #define HAVE_GETOPT_LONG 1
| #define USE_AVX 1
| #define USE_XOP 1
| #define USE_AVX2 1
| /* end confdefs.h.  */
| 
| /* Override any GCC internal prototype to avoid an error.
|    Use char because int might match the return type of a GCC
|    builtin and then its argument prototype would still apply.  */
| #ifdef __cplusplus
| extern "C"
| #endif
| char pthread_create ();
| int
| main ()
| {
| return pthread_create ();
|   ;
|   return 0;
| }
configure:5355: result: no
configure:5360: checking for pthread_create in -lpthreadGC2
configure:5385: gcc -std=gnu99 -o conftest.exe -g -O2   conftest.c -lpthreadGC2   >&5
c:/mingw/bin/../lib/gcc/mingw32/4.8.1/../../../../mingw32/bin/ld.exe: cannot find -lpthreadGC2
collect2.exe: error: ld returned 1 exit status
configure:5385: $? = 1
configure: failed program was:
| /* confdefs.h */
| #define PACKAGE_NAME "cpuminer"
| #define PACKAGE_TARNAME "cpuminer"
| #define PACKAGE_VERSION "2.3.2"
| #define PACKAGE_STRING "cpuminer 2.3.2"
| #define PACKAGE_BUGREPORT ""
| #define PACKAGE_URL ""
| #define PACKAGE "cpuminer"
| #define VERSION "2.3.2"
| #define STDC_HEADERS 1
| #define HAVE_SYS_TYPES_H 1
| #define HAVE_SYS_STAT_H 1
| #define HAVE_STDLIB_H 1
| #define HAVE_STRING_H 1
| #define HAVE_MEMORY_H 1
| #define HAVE_STRINGS_H 1
| #define HAVE_INTTYPES_H 1
| #define HAVE_STDINT_H 1
| #define HAVE_UNISTD_H 1
| #define HAVE_SYS_PARAM_H 1
| #define HAVE_DECL_BE32DEC 0
| #define HAVE_DECL_LE32DEC 0
| #define HAVE_DECL_BE32ENC 0
| #define HAVE_DECL_LE32ENC 0
| #define HAVE_ALLOCA 1
| #define HAVE_GETOPT_LONG 1
| #define USE_AVX 1
| #define USE_XOP 1
| #define USE_AVX2 1
| /* end confdefs.h.  */
| 
| /* Override any GCC internal prototype to avoid an error.
|    Use char because int might match the return type of a GCC
|    builtin and then its argument prototype would still apply.  */
| #ifdef __cplusplus
| extern "C"
| #endif
| char pthread_create ();
| int
| main ()
| {
| return pthread_create ();
|   ;
|   return 0;
| }
configure:5394: result: no
configure:5399: checking for pthread_create in -lpthreadGC1
configure:5424: gcc -std=gnu99 -o conftest.exe -g -O2   conftest.c -lpthreadGC1   >&5
c:/mingw/bin/../lib/gcc/mingw32/4.8.1/../../../../mingw32/bin/ld.exe: cannot find -lpthreadGC1
collect2.exe: error: ld returned 1 exit status
configure:5424: $? = 1
configure: failed program was:
| /* confdefs.h */
| #define PACKAGE_NAME "cpuminer"
| #define PACKAGE_TARNAME "cpuminer"
| #define PACKAGE_VERSION "2.3.2"
| #define PACKAGE_STRING "cpuminer 2.3.2"
| #define PACKAGE_BUGREPORT ""
| #define PACKAGE_URL ""
| #define PACKAGE "cpuminer"
| #define VERSION "2.3.2"
| #define STDC_HEADERS 1
| #define HAVE_SYS_TYPES_H 1
| #define HAVE_SYS_STAT_H 1
| #define HAVE_STDLIB_H 1
| #define HAVE_STRING_H 1
| #define HAVE_MEMORY_H 1
| #define HAVE_STRINGS_H 1
| #define HAVE_INTTYPES_H 1
| #define HAVE_STDINT_H 1
| #define HAVE_UNISTD_H 1
| #define HAVE_SYS_PARAM_H 1
| #define HAVE_DECL_BE32DEC 0
| #define HAVE_DECL_LE32DEC 0
| #define HAVE_DECL_BE32ENC 0
| #define HAVE_DECL_LE32ENC 0
| #define HAVE_ALLOCA 1
| #define HAVE_GETOPT_LONG 1
| #define USE_AVX 1
| #define USE_XOP 1
| #define USE_AVX2 1
| /* end confdefs.h.  */
| 
| /* Override any GCC internal prototype to avoid an error.
|    Use char because int might match the return type of a GCC
|    builtin and then its argument prototype would still apply.  */
| #ifdef __cplusplus
| extern "C"
| #endif
| char pthread_create ();
| int
| main ()
| {
| return pthread_create ();
|   ;
|   return 0;
| }
configure:5433: result: no
configure:5438: checking for pthread_create in -lpthreadGC
configure:5463: gcc -std=gnu99 -o conftest.exe -g -O2   conftest.c -lpthreadGC   >&5
c:/mingw/bin/../lib/gcc/mingw32/4.8.1/../../../../mingw32/bin/ld.exe: cannot find -lpthreadGC
collect2.exe: error: ld returned 1 exit status
configure:5463: $? = 1
configure: failed program was:
| /* confdefs.h */
| #define PACKAGE_NAME "cpuminer"
| #define PACKAGE_TARNAME "cpuminer"
| #define PACKAGE_VERSION "2.3.2"
| #define PACKAGE_STRING "cpuminer 2.3.2"
| #define PACKAGE_BUGREPORT ""
| #define PACKAGE_URL ""
| #define PACKAGE "cpuminer"
| #define VERSION "2.3.2"
| #define STDC_HEADERS 1
| #define HAVE_SYS_TYPES_H 1
| #define HAVE_SYS_STAT_H 1
| #define HAVE_STDLIB_H 1
| #define HAVE_STRING_H 1
| #define HAVE_MEMORY_H 1
| #define HAVE_STRINGS_H 1
| #define HAVE_INTTYPES_H 1
| #define HAVE_STDINT_H 1
| #define HAVE_UNISTD_H 1
| #define HAVE_SYS_PARAM_H 1
| #define HAVE_DECL_BE32DEC 0
| #define HAVE_DECL_LE32DEC 0
| #define HAVE_DECL_BE32ENC 0
| #define HAVE_DECL_LE32ENC 0
| #define HAVE_ALLOCA 1
| #define HAVE_GETOPT_LONG 1
| #define USE_AVX 1
| #define USE_XOP 1
| #define USE_AVX2 1
| /* end confdefs.h.  */
| 
| /* Override any GCC internal prototype to avoid an error.
|    Use char because int might match the return type of a GCC
|    builtin and then its argument prototype would still apply.  */
| #ifdef __cplusplus
| extern "C"
| #endif
| char pthread_create ();
| int
| main ()
| {
| return pthread_create ();
|   ;
|   return 0;
| }
configure:5472: result: no
configure:5565: checking for gawk
configure:5592: result: gawk
configure:5654: checking for curl-config
configure:5672: found /usr/local/bin/curl-config
configure:5684: result: /usr/local/bin/curl-config
configure:5695: checking for the version of libcurl
configure:5702: result: 7.37.1
configure:5709: checking for libcurl >= version 7.15.2
configure:5722: result: yes
configure:5763: checking whether libcurl is usable
configure:5797: gcc -std=gnu99 -o conftest.exe -g -O2 -DCURL_STATICLIB -I/usr/local/include   conftest.c -L/usr/local/lib -lcurl -lwldap32 -lws2_32  >&5
configure:5797: $? = 0
configure:5811: result: yes
configure:5824: checking for curl_free
configure:5824: gcc -std=gnu99 -o conftest.exe -g -O2  -DCURL_STATICLIB -I/usr/local/include  conftest.c  -L/usr/local/lib -lcurl -lwldap32 -lws2_32 >&5
configure:5824: $? = 0
configure:5824: result: yes
configure:6072: creating ./config.status

## ---------------------- ##
## Running config.status. ##
## ---------------------- ##

This file was extended by cpuminer config.status 2.3.2, which was
generated by GNU Autoconf 2.68.  Invocation command line was

  CONFIG_FILES    = 
  CONFIG_HEADERS  = 
  CONFIG_LINKS    = 
  CONFIG_COMMANDS = 
  $ ./config.status 

on AMD-Desktop

config.status:923: creating Makefile
config.status:923: creating compat/Makefile
config.status:923: creating compat/jansson/Makefile
config.status:923: creating cpuminer-config.h
config.status:1104: cpuminer-config.h is unchanged
config.status:1152: executing depfiles commands

## ---------------- ##
## Cache variables. ##
## ---------------- ##

ac_cv_build=i686-pc-mingw32
ac_cv_c_compiler_gnu=yes
ac_cv_env_CCASFLAGS_set=
ac_cv_env_CCASFLAGS_value=
ac_cv_env_CCAS_set=
ac_cv_env_CCAS_value=
ac_cv_env_CC_set=
ac_cv_env_CC_value=
ac_cv_env_CFLAGS_set=
ac_cv_env_CFLAGS_value=
ac_cv_env_CPPFLAGS_set=
ac_cv_env_CPPFLAGS_value=
ac_cv_env_CPP_set=
ac_cv_env_CPP_value=
ac_cv_env_LDFLAGS_set=
ac_cv_env_LDFLAGS_value=
ac_cv_env_LIBS_set=
ac_cv_env_LIBS_value=
ac_cv_env_build_alias_set=
ac_cv_env_build_alias_value=
ac_cv_env_host_alias_set=
ac_cv_env_host_alias_value=
ac_cv_env_target_alias_set=
ac_cv_env_target_alias_value=
ac_cv_exeext=.exe
ac_cv_func_alloca_works=yes
ac_cv_func_curl_free=yes
ac_cv_func_getopt_long=yes
ac_cv_have_decl_be32dec=no
ac_cv_have_decl_be32enc=no
ac_cv_have_decl_le32dec=no
ac_cv_have_decl_le32enc=no
ac_cv_header_inttypes_h=yes
ac_cv_header_memory_h=yes
ac_cv_header_stdc=yes
ac_cv_header_stdint_h=yes
ac_cv_header_stdlib_h=yes
ac_cv_header_string_h=yes
ac_cv_header_strings_h=yes
ac_cv_header_sys_endian_h=no
ac_cv_header_sys_param_h=yes
ac_cv_header_sys_stat_h=yes
ac_cv_header_sys_sysctl_h=no
ac_cv_header_sys_types_h=yes
ac_cv_header_syslog_h=no
ac_cv_header_unistd_h=yes
ac_cv_host=i686-pc-mingw32
ac_cv_lib_jansson_json_loads=no
ac_cv_lib_pthreadGC1_pthread_create=no
ac_cv_lib_pthreadGC2_pthread_create=no
ac_cv_lib_pthreadGC_pthread_create=no
ac_cv_lib_pthread_pthread_create=no
ac_cv_objext=o
ac_cv_path_EGREP='/bin/grep -E'
ac_cv_path_GREP=/bin/grep
ac_cv_path__libcurl_config=/usr/local/bin/curl-config
ac_cv_path_install='/bin/install -c'
ac_cv_path_mkdir=/bin/mkdir
ac_cv_prog_AWK=gawk
ac_cv_prog_CPP='gcc -std=gnu99 -E'
ac_cv_prog_ac_ct_CC=gcc
ac_cv_prog_ac_ct_RANLIB=ranlib
ac_cv_prog_cc_c89=
ac_cv_prog_cc_c99=-std=gnu99
ac_cv_prog_cc_g=yes
ac_cv_prog_cc_gcc_c_o=yes
ac_cv_prog_gcc_traditional=no
ac_cv_prog_make_make_set=yes
ac_cv_target=i686-pc-mingw32
ac_cv_type_size_t=yes
ac_cv_working_alloca_h=no
am_cv_CCAS_dependencies_compiler_type=gcc3
am_cv_CC_dependencies_compiler_type=gcc3
libcurl_cv_lib_curl_usable=yes
libcurl_cv_lib_curl_version=7.37.1
libcurl_cv_lib_version_ok=yes

## ----------------- ##
## Output variables. ##
## ----------------- ##

ACLOCAL='${SHELL} /c/deps/mirrorcpu/missing --run aclocal-1.11'
ALLOCA=''
AMDEPBACKSLASH='\'
AMDEP_FALSE='#'
AMDEP_TRUE=''
AMTAR='${SHELL} /c/deps/mirrorcpu/missing --run tar'
ARCH_x86_64_FALSE=''
ARCH_x86_64_TRUE='#'
ARCH_x86_FALSE='#'
ARCH_x86_TRUE=''
AUTOCONF='${SHELL} /c/deps/mirrorcpu/missing --run autoconf'
AUTOHEADER='${SHELL} /c/deps/mirrorcpu/missing --run autoheader'
AUTOMAKE='${SHELL} /c/deps/mirrorcpu/missing --run automake-1.11'
AWK='gawk'
CC='gcc -std=gnu99'
CCAS='gcc -std=gnu99'
CCASDEPMODE='depmode=gcc3'
CCASFLAGS='-g -O2'
CCDEPMODE='depmode=gcc3'
CFLAGS='-g -O2'
CPP='gcc -std=gnu99 -E'
CPPFLAGS=''
CYGPATH_W='echo'
DEFS='-DHAVE_CONFIG_H'
DEPDIR='.deps'
ECHO_C=''
ECHO_N='-n'
ECHO_T=''
EGREP='/bin/grep -E'
EXEEXT='.exe'
GREP='/bin/grep'
HAVE_WINDOWS_FALSE='#'
HAVE_WINDOWS_TRUE=''
INSTALL_DATA='${INSTALL} -m 644'
INSTALL_PROGRAM='${INSTALL}'
INSTALL_SCRIPT='${INSTALL}'
INSTALL_STRIP_PROGRAM='$(install_sh) -c -s'
JANSSON_LIBS='compat/jansson/libjansson.a'
LDFLAGS=''
LIBCURL='-L/usr/local/lib -lcurl -lwldap32 -lws2_32'
LIBCURL_CPPFLAGS='-DCURL_STATICLIB -I/usr/local/include'
LIBOBJS=''
LIBS=''
LTLIBOBJS=''
MAINT='#'
MAINTAINER_MODE_FALSE=''
MAINTAINER_MODE_TRUE='#'
MAKEINFO='${SHELL} /c/deps/mirrorcpu/missing --run makeinfo'
MKDIR_P='/bin/mkdir -p'
OBJEXT='o'
PACKAGE='cpuminer'
PACKAGE_BUGREPORT=''
PACKAGE_NAME='cpuminer'
PACKAGE_STRING='cpuminer 2.3.2'
PACKAGE_TARNAME='cpuminer'
PACKAGE_URL=''
PACKAGE_VERSION='2.3.2'
PATH_SEPARATOR=':'
PTHREAD_FLAGS=''
PTHREAD_LIBS=''
RANLIB='ranlib'
SET_MAKE=''
SHELL='/bin/sh'
STRIP=''
VERSION='2.3.2'
WANT_JANSSON_FALSE='#'
WANT_JANSSON_TRUE=''
WS2_LIBS='-lws2_32'
_libcurl_config=''
ac_ct_CC='gcc'
am__EXEEXT_FALSE='#'
am__EXEEXT_TRUE=''
am__fastdepCCAS_FALSE='#'
am__fastdepCCAS_TRUE=''
am__fastdepCC_FALSE='#'
am__fastdepCC_TRUE=''
am__include='include'
am__isrc=''
am__leading_dot='.'
am__quote=''
am__tar='${AMTAR} chof - "$$tardir"'
am__untar='${AMTAR} xf -'
bindir='${exec_prefix}/bin'
build='i686-pc-mingw32'
build_alias=''
build_cpu='i686'
build_os='mingw32'
build_vendor='pc'
datadir='${datarootdir}'
datarootdir='${prefix}/share'
docdir='${datarootdir}/doc/${PACKAGE_TARNAME}'
dvidir='${docdir}'
exec_prefix='${prefix}'
host='i686-pc-mingw32'
host_alias=''
host_cpu='i686'
host_os='mingw32'
host_vendor='pc'
htmldir='${docdir}'
includedir='${prefix}/include'
infodir='${datarootdir}/info'
install_sh='${SHELL} /c/deps/mirrorcpu/install-sh'
libdir='${exec_prefix}/lib'
libexecdir='${exec_prefix}/libexec'
localedir='${datarootdir}/locale'
localstatedir='${prefix}/var'
mandir='${datarootdir}/man'
mkdir_p='/bin/mkdir -p'
oldincludedir='/usr/include'
pdfdir='${docdir}'
prefix='/usr/local'
program_transform_name='s,x,x,'
psdir='${docdir}'
sbindir='${exec_prefix}/sbin'
sharedstatedir='${prefix}/com'
sysconfdir='${prefix}/etc'
target='i686-pc-mingw32'
target_alias=''
target_cpu='i686'
target_os='mingw32'
target_vendor='pc'

## ----------- ##
## confdefs.h. ##
## ----------- ##

/* confdefs.h */
#define PACKAGE_NAME "cpuminer"
#define PACKAGE_TARNAME "cpuminer"
#define PACKAGE_VERSION "2.3.2"
#define PACKAGE_STRING "cpuminer 2.3.2"
#define PACKAGE_BUGREPORT ""
#define PACKAGE_URL ""
#define PACKAGE "cpuminer"
#define VERSION "2.3.2"
#define STDC_HEADERS 1
#define HAVE_SYS_TYPES_H 1
#define HAVE_SYS_STAT_H 1
#define HAVE_STDLIB_H 1
#define HAVE_STRING_H 1
#define HAVE_MEMORY_H 1
#define HAVE_STRINGS_H 1
#define HAVE_INTTYPES_H 1
#define HAVE_STDINT_H 1
#define HAVE_UNISTD_H 1
#define HAVE_SYS_PARAM_H 1
#define HAVE_DECL_BE32DEC 0
#define HAVE_DECL_LE32DEC 0
#define HAVE_DECL_BE32ENC 0
#define HAVE_DECL_LE32ENC 0
#define HAVE_ALLOCA 1
#define HAVE_GETOPT_LONG 1
#define USE_AVX 1
#define USE_XOP 1
#define USE_AVX2 1
#define HAVE_LIBCURL 1
#define LIBCURL_PROTOCOL_DICT 1
#define LIBCURL_PROTOCOL_FILE 1
#define LIBCURL_PROTOCOL_FTP 1
#define LIBCURL_PROTOCOL_GOPHER 1
#define LIBCURL_PROTOCOL_HTTP 1
#define LIBCURL_PROTOCOL_IMAP 1
#define LIBCURL_PROTOCOL_LDAP 1
#define LIBCURL_PROTOCOL_LDAPS 1
#define LIBCURL_PROTOCOL_POP3 1
#define LIBCURL_PROTOCOL_RTSP 1
#define LIBCURL_PROTOCOL_SMTP 1
#define LIBCURL_PROTOCOL_TELNET 1
#define LIBCURL_PROTOCOL_TFTP 1

configure: exit 0
